[26-Feb-2024 17:06:30 UTC] PHP Parse error:  syntax error, unexpected end of file in C:\Users\Alexandra\Local Sites\alexandra-ifrim\app\public\demo\index.php on line 2
[26-Feb-2024 17:07:04 UTC] PHP Parse error:  syntax error, unexpected end of file in C:\Users\Alexandra\Local Sites\alexandra-ifrim\app\public\demo\index.php on line 2
[26-Feb-2024 17:07:06 UTC] PHP Parse error:  syntax error, unexpected end of file in C:\Users\Alexandra\Local Sites\alexandra-ifrim\app\public\demo\index.php on line 2
[26-Feb-2024 17:07:07 UTC] PHP Parse error:  syntax error, unexpected end of file in C:\Users\Alexandra\Local Sites\alexandra-ifrim\app\public\demo\index.php on line 2
[26-Feb-2024 17:07:07 UTC] PHP Parse error:  syntax error, unexpected end of file in C:\Users\Alexandra\Local Sites\alexandra-ifrim\app\public\demo\index.php on line 2
[26-Feb-2024 17:07:13 UTC] PHP Parse error:  syntax error, unexpected end of file in C:\Users\Alexandra\Local Sites\alexandra-ifrim\app\public\demo\index.php on line 2
[26-Feb-2024 17:07:35 UTC] PHP Parse error:  syntax error, unexpected end of file in C:\Users\Alexandra\Local Sites\alexandra-ifrim\app\public\demo\index.php on line 2
[26-Feb-2024 17:08:01 UTC] PHP Parse error:  syntax error, unexpected end of file in C:\Users\Alexandra\Local Sites\alexandra-ifrim\app\public\demo\index.php on line 2
[26-Feb-2024 17:26:29 UTC] PHP Parse error:  syntax error, unexpected end of file in C:\Users\Alexandra\Local Sites\alexandra-ifrim\app\public\demo\index.php on line 2
[26-Feb-2024 18:03:47 UTC] PHP Parse error:  syntax error, unexpected end of file in C:\Users\Alexandra\Local Sites\alexandra-ifrim\app\public\demo\index.php on line 2
[26-Feb-2024 18:05:42 UTC] PHP Fatal error:  Uncaught Error: Undefined constant "php" in C:\Users\Alexandra\Local Sites\alexandra-ifrim\app\public\demo\index.php:160
Stack trace:
#0 {main}
  thrown in C:\Users\Alexandra\Local Sites\alexandra-ifrim\app\public\demo\index.php on line 160
[26-Feb-2024 18:20:12 UTC] PHP Fatal error:  Uncaught Error: Undefined constant "php" in C:\Users\Alexandra\Local Sites\alexandra-ifrim\app\public\demo\index.php:160
Stack trace:
#0 {main}
  thrown in C:\Users\Alexandra\Local Sites\alexandra-ifrim\app\public\demo\index.php on line 160
[26-Feb-2024 18:21:27 UTC] PHP Fatal error:  Uncaught Error: Undefined constant "php" in C:\Users\Alexandra\Local Sites\alexandra-ifrim\app\public\demo\index.php:160
Stack trace:
#0 {main}
  thrown in C:\Users\Alexandra\Local Sites\alexandra-ifrim\app\public\demo\index.php on line 160
[26-Feb-2024 18:30:15 UTC] PHP Fatal error:  Uncaught Error: Undefined constant "php" in C:\Users\Alexandra\Local Sites\alexandra-ifrim\app\public\demo\index.php:160
Stack trace:
#0 {main}
  thrown in C:\Users\Alexandra\Local Sites\alexandra-ifrim\app\public\demo\index.php on line 160
[26-Feb-2024 18:30:44 UTC] PHP Fatal error:  Uncaught Error: Undefined constant "php" in C:\Users\Alexandra\Local Sites\alexandra-ifrim\app\public\demo\index.php:160
Stack trace:
#0 {main}
  thrown in C:\Users\Alexandra\Local Sites\alexandra-ifrim\app\public\demo\index.php on line 160
[26-Feb-2024 20:43:30 UTC] PHP Warning:  Undefined variable $i in C:\Users\Alexandra\Local Sites\alexandra-ifrim\app\public\demo\index.php on line 114
[02-Mar-2024 10:29:44 UTC] PHP Warning:  require_once(header.php): Failed to open stream: No such file or directory in C:\Users\Alexandra\Local Sites\alexandra-ifrim\app\public\demo\index.php on line 1
[02-Mar-2024 10:29:44 UTC] PHP Fatal error:  Uncaught Error: Failed opening required 'header.php' (include_path='.:/usr/share/php:/www/wp-content/pear') in C:\Users\Alexandra\Local Sites\alexandra-ifrim\app\public\demo\index.php:1
Stack trace:
#0 {main}
  thrown in C:\Users\Alexandra\Local Sites\alexandra-ifrim\app\public\demo\index.php on line 1
[02-Mar-2024 10:33:13 UTC] PHP Warning:  require_once(header.php): Failed to open stream: No such file or directory in C:\Users\Alexandra\Local Sites\alexandra-ifrim\app\public\demo\index.php on line 1
[02-Mar-2024 10:33:13 UTC] PHP Fatal error:  Uncaught Error: Failed opening required 'header.php' (include_path='.:/usr/share/php:/www/wp-content/pear') in C:\Users\Alexandra\Local Sites\alexandra-ifrim\app\public\demo\index.php:1
Stack trace:
#0 {main}
  thrown in C:\Users\Alexandra\Local Sites\alexandra-ifrim\app\public\demo\index.php on line 1
[02-Mar-2024 10:42:08 UTC] PHP Parse error:  syntax error, unexpected token "else", expecting end of file in C:\Users\Alexandra\Local Sites\alexandra-ifrim\app\public\demo\index.php on line 135
[02-Mar-2024 10:45:29 UTC] PHP Parse error:  syntax error, unexpected identifier "number_format", expecting "," or ";" in C:\Users\Alexandra\Local Sites\alexandra-ifrim\app\public\demo\index.php on line 134
[02-Mar-2024 10:45:38 UTC] PHP Parse error:  syntax error, unexpected identifier "number_format", expecting "," or ";" in C:\Users\Alexandra\Local Sites\alexandra-ifrim\app\public\demo\index.php on line 134
[02-Mar-2024 10:45:39 UTC] PHP Parse error:  syntax error, unexpected identifier "number_format", expecting "," or ";" in C:\Users\Alexandra\Local Sites\alexandra-ifrim\app\public\demo\index.php on line 134
[02-Mar-2024 10:46:50 UTC] PHP Parse error:  syntax error, unexpected identifier "number_format", expecting ")" in C:\Users\Alexandra\Local Sites\alexandra-ifrim\app\public\demo\index.php on line 134
[02-Mar-2024 10:47:03 UTC] PHP Warning:  Undefined variable $row in C:\Users\Alexandra\Local Sites\alexandra-ifrim\app\public\demo\index.php on line 134
[02-Mar-2024 10:47:03 UTC] PHP Warning:  Attempt to read property "title" on null in C:\Users\Alexandra\Local Sites\alexandra-ifrim\app\public\demo\index.php on line 134
[02-Mar-2024 10:47:12 UTC] PHP Warning:  Undefined variable $row in C:\Users\Alexandra\Local Sites\alexandra-ifrim\app\public\demo\index.php on line 134
[02-Mar-2024 10:47:12 UTC] PHP Warning:  Attempt to read property "title" on null in C:\Users\Alexandra\Local Sites\alexandra-ifrim\app\public\demo\index.php on line 134
[02-Mar-2024 10:47:24 UTC] PHP Warning:  Undefined variable $row in C:\Users\Alexandra\Local Sites\alexandra-ifrim\app\public\demo\index.php on line 134
[02-Mar-2024 10:47:24 UTC] PHP Warning:  Attempt to read property "title" on null in C:\Users\Alexandra\Local Sites\alexandra-ifrim\app\public\demo\index.php on line 134
[31-Mar-2024 15:05:03 UTC] PHP Warning:  file_put_contents(C:\Users\Alexandra\Local Sites\alexandra-ifrim\app\public/wp-content/themes/understrap-child/acf-json/group_660973d2e4904.json): Failed to open stream: No such file or directory in C:\Users\Alexandra\Local Sites\alexandra-ifrim\app\public\wp-content\plugins\advanced-custom-fields\includes\local-json.php on line 448
[31-Mar-2024 15:11:02 UTC] PHP Warning:  file_put_contents(C:\Users\Alexandra\Local Sites\alexandra-ifrim\app\public/wp-content/themes/understrap-child/acf-json/group_660973d2e4904.json): Failed to open stream: No such file or directory in C:\Users\Alexandra\Local Sites\alexandra-ifrim\app\public\wp-content\plugins\advanced-custom-fields\includes\local-json.php on line 448
[31-Mar-2024 15:26:21 UTC] PHP Warning:  file_put_contents(C:\Users\Alexandra\Local Sites\alexandra-ifrim\app\public/wp-content/themes/understrap-child/acf-json/group_660973d2e4904.json): Failed to open stream: No such file or directory in C:\Users\Alexandra\Local Sites\alexandra-ifrim\app\public\wp-content\plugins\advanced-custom-fields\includes\local-json.php on line 448
[31-Mar-2024 15:29:26 UTC] PHP Warning:  file_put_contents(C:\Users\Alexandra\Local Sites\alexandra-ifrim\app\public/wp-content/themes/understrap-child/acf-json/group_660973d2e4904.json): Failed to open stream: No such file or directory in C:\Users\Alexandra\Local Sites\alexandra-ifrim\app\public\wp-content\plugins\advanced-custom-fields\includes\local-json.php on line 448
[31-Mar-2024 15:29:29 UTC] PHP Fatal error:  Uncaught TypeError: number_format(): Argument #1 ($num) must be of type float, string given in C:\Users\Alexandra\Local Sites\alexandra-ifrim\app\public\wp-content\themes\understrap-child\page-templates\template-home.php:105
Stack trace:
#0 C:\Users\Alexandra\Local Sites\alexandra-ifrim\app\public\wp-content\themes\understrap-child\page-templates\template-home.php(105): number_format('')
#1 C:\Users\Alexandra\Local Sites\alexandra-ifrim\app\public\wp-includes\template-loader.php(106): include('C:\\Users\\Alexan...')
#2 C:\Users\Alexandra\Local Sites\alexandra-ifrim\app\public\wp-blog-header.php(19): require_once('C:\\Users\\Alexan...')
#3 C:\Users\Alexandra\Local Sites\alexandra-ifrim\app\public\index.php(17): require('C:\\Users\\Alexan...')
#4 {main}
  thrown in C:\Users\Alexandra\Local Sites\alexandra-ifrim\app\public\wp-content\themes\understrap-child\page-templates\template-home.php on line 105
[31-Mar-2024 15:30:28 UTC] PHP Warning:  file_put_contents(C:\Users\Alexandra\Local Sites\alexandra-ifrim\app\public/wp-content/themes/understrap-child/acf-json/group_660973d2e4904.json): Failed to open stream: No such file or directory in C:\Users\Alexandra\Local Sites\alexandra-ifrim\app\public\wp-content\plugins\advanced-custom-fields\includes\local-json.php on line 448
[31-Mar-2024 15:30:30 UTC] PHP Fatal error:  Uncaught TypeError: number_format(): Argument #1 ($num) must be of type float, string given in C:\Users\Alexandra\Local Sites\alexandra-ifrim\app\public\wp-content\themes\understrap-child\page-templates\template-home.php:129
Stack trace:
#0 C:\Users\Alexandra\Local Sites\alexandra-ifrim\app\public\wp-content\themes\understrap-child\page-templates\template-home.php(129): number_format('')
#1 C:\Users\Alexandra\Local Sites\alexandra-ifrim\app\public\wp-includes\template-loader.php(106): include('C:\\Users\\Alexan...')
#2 C:\Users\Alexandra\Local Sites\alexandra-ifrim\app\public\wp-blog-header.php(19): require_once('C:\\Users\\Alexan...')
#3 C:\Users\Alexandra\Local Sites\alexandra-ifrim\app\public\index.php(17): require('C:\\Users\\Alexan...')
#4 {main}
  thrown in C:\Users\Alexandra\Local Sites\alexandra-ifrim\app\public\wp-content\themes\understrap-child\page-templates\template-home.php on line 129
[31-Mar-2024 15:37:57 UTC] WordPress database error Table 'wp_cmplz_cookies' already exists for query CREATE TABLE wp_cmplz_cookies (
             `ID` int(11) NOT NULL AUTO_INCREMENT,
            `name` varchar(250) NOT NULL,
            `slug` varchar(250) NOT NULL,
            `sync` int(11) NOT NULL,
            `ignored` int(11) NOT NULL,
            `retention` text NOT NULL,
            `type` text NOT NULL,
            `serviceID` int(11) NOT NULL,
            `cookieFunction` text NOT NULL,
            `collectedPersonalData` text NOT NULL,
            `purpose` text NOT NULL,
            `language` varchar(6) NOT NULL,
            `isTranslationFrom` int(11) NOT NULL,
            `isOwnDomainCookie` int(11) NOT NULL,
            `domain` text NOT NULL,
            `deleted` int(11) NOT NULL,
            `isMembersOnly` int(11) NOT NULL,
            `showOnPolicy` int(11) NOT NULL,
            `lastUpdatedDate` int(11) NOT NULL,
            `lastAddDate` int(11) NOT NULL,
            `firstAddDate` int(11) NOT NULL,
              PRIMARY KEY  (ID)
            ) DEFAULT CHARACTER SET utf8mb4 COLLATE utf8mb4_unicode_520_ci made by require_once('wp-admin/admin.php'), require_once('wp-load.php'), require_once('wp-config.php'), require_once('wp-settings.php'), do_action('init'), WP_Hook->do_action, WP_Hook->apply_filters, cmplz_check_upgrade, do_action('cmplz_install_tables'), WP_Hook->do_action, WP_Hook->apply_filters, cmplz_install_cookie_table, dbDelta
[01-Apr-2024 14:09:40 UTC] Cron reschedule event error for hook: action_scheduler_run_queue, Error code: invalid_schedule, Error message: Event schedule does not exist., Data: {"schedule":"every_minute","args":["WP Cron"],"interval":60}
